<?xml version="1.0" encoding="UTF-8"?>
<!-- Generated by org.testng.reporters.JUnitReportReporter -->
<testsuite hostname="RAKSHITHRL" failures="0" tests="2" name="com.herokuapp.internet.loginPage.NegativeLoginTest" time="24.841" errors="0" timestamp="2023-07-12T19:12:36 IST" skipped="0">
  <testcase classname="com.herokuapp.internet.loginPage.NegativeLoginTest" name="negativeTest" time="14.286"/>
  <testcase classname="com.herokuapp.internet.loginPage.NegativeLoginTest" name="negativeTest" time="10.555"/>
</testsuite> <!-- com.herokuapp.internet.loginPage.NegativeLoginTest -->
