<?xml version="1.0" encoding="UTF-8"?>
<!-- Generated by org.testng.reporters.JUnitReportReporter -->
<testsuite hostname="RAKSHITHRL" failures="0" tests="1" name="com.herokuapp.internet.loginPage.LoginTest" time="7.581" errors="0" timestamp="2023-07-18T18:24:38 IST" skipped="0">
  <testcase classname="com.herokuapp.internet.loginPage.LoginTest" name="logInTest" time="7.581"/>
  <system-out/>
</testsuite> <!-- com.herokuapp.internet.loginPage.LoginTest -->
