<?xml version="1.0" encoding="UTF-8"?>
<!-- Generated by org.testng.reporters.JUnitReportReporter -->
<testsuite hostname="RAKSHITHRL" failures="0" tests="2" name="com.herokuapp.internet.loginPage.NegativeLoginTest" time="11.240" errors="0" timestamp="2023-07-18T18:24:38 IST" skipped="0">
  <testcase classname="com.herokuapp.internet.loginPage.NegativeLoginTest" name="negativeTest" time="5.597"/>
  <system-out/>
  <testcase classname="com.herokuapp.internet.loginPage.NegativeLoginTest" name="negativeTest" time="5.643"/>
  <system-out/>
</testsuite> <!-- com.herokuapp.internet.loginPage.NegativeLoginTest -->
